Using pre-set license
Built from '2021.3/staging' branch; Version is '2021.3.11f1 (0a5ca18544bf) revision 679073'; Using compiler version '192829333'; Build Type 'Release'
OS: 'Windows 11  (10.0.22000) 64bit Core' Language: 'en' Physical Memory: 32637 MB
BatchMode: 1, IsHumanControllingUs: 0, StartBugReporterOnCrash: 0, Is64bit: 1, IsPro: 1

COMMAND LINE ARGUMENTS:
C:\Program Files\Unity\Hub\Editor\2021.3.11f1\Editor\Unity.exe
-adb2
-batchMode
-noUpm
-name
AssetImportWorker0
-projectPath
C:/Users/user/Fright Club Project/Fright_Club
-logFile
Logs/AssetImportWorker0.log
-srvPort
63856
Successfully changed project path to: C:/Users/user/Fright Club Project/Fright_Club
C:/Users/user/Fright Club Project/Fright_Club
[UnityMemory] Configuration Parameters - Can be set up in boot.config
    "memorysetup-bucket-allocator-granularity=16"
    "memorysetup-bucket-allocator-bucket-count=8"
    "memorysetup-bucket-allocator-block-size=33554432"
    "memorysetup-bucket-allocator-block-count=8"
    "memorysetup-main-allocator-block-size=16777216"
    "memorysetup-thread-allocator-block-size=16777216"
    "memorysetup-gfx-main-allocator-block-size=16777216"
    "memorysetup-gfx-thread-allocator-block-size=16777216"
    "memorysetup-cache-allocator-block-size=4194304"
    "memorysetup-typetree-allocator-block-size=2097152"
    "memorysetup-profiler-bucket-allocator-granularity=16"
    "memorysetup-profiler-bucket-allocator-bucket-count=8"
    "memorysetup-profiler-bucket-allocator-block-size=33554432"
    "memorysetup-profiler-bucket-allocator-block-count=8"
    "memorysetup-profiler-allocator-block-size=16777216"
    "memorysetup-profiler-editor-allocator-block-size=1048576"
    "memorysetup-temp-allocator-size-main=16777216"
    "memorysetup-job-temp-allocator-block-size=2097152"
    "memorysetup-job-temp-allocator-block-size-background=1048576"
    "memorysetup-job-temp-allocator-reduction-small-platforms=262144"
    "memorysetup-temp-allocator-size-background-worker=32768"
    "memorysetup-temp-allocator-size-job-worker=262144"
    "memorysetup-temp-allocator-size-preload-manager=33554432"
    "memorysetup-temp-allocator-size-nav-mesh-worker=65536"
    "memorysetup-temp-allocator-size-audio-worker=65536"
    "memorysetup-temp-allocator-size-cloud-worker=32768"
    "memorysetup-temp-allocator-size-gi-baking-worker=262144"
    "memorysetup-temp-allocator-size-gfx=262144"
Refreshing native plugins compatible for Editor in 82.52 ms, found 4 plugins.
Preloading 0 native plugins for Editor in 0.00 ms.
Initialize engine version: 2021.3.11f1 (0a5ca18544bf)
[Subsystems] Discovering subsystems at path C:/Program Files/Unity/Hub/Editor/2021.3.11f1/Editor/Data/Resources/UnitySubsystems
[Subsystems] Discovering subsystems at path C:/Users/user/Fright Club Project/Fright_Club/Assets
GfxDevice: creating device client; threaded=0; jobified=0
Direct3D:
    Version:  Direct3D 11.0 [level 11.1]
    Renderer: NVIDIA GeForce RTX 3070 (ID=0x2488)
    Vendor:   NVIDIA
    VRAM:     8043 MB
    Driver:   30.0.15.1259
Initialize mono
Mono path[0] = 'C:/Program Files/Unity/Hub/Editor/2021.3.11f1/Editor/Data/Managed'
Mono path[1] = 'C:/Program Files/Unity/Hub/Editor/2021.3.11f1/Editor/Data/MonoBleedingEdge/lib/mono/unityjit-win32'
Mono config path = 'C:/Program Files/Unity/Hub/Editor/2021.3.11f1/Editor/Data/MonoBleedingEdge/etc'
Using monoOptions --debugger-agent=transport=dt_socket,embedding=1,server=y,suspend=n,address=127.0.0.1:56112
Begin MonoManager ReloadAssembly
Registering precompiled unity dll's ...
Register platform support module: C:/Program Files/Unity/Hub/Editor/2021.3.11f1/Editor/Data/PlaybackEngines/WindowsStandaloneSupport/UnityEditor.WindowsStandalone.Extensions.dll
Registered in 0.003302 seconds.
Native extension for WindowsStandalone target not found
Refreshing native plugins compatible for Editor in 82.58 ms, found 4 plugins.
Preloading 0 native plugins for Editor in 0.00 ms.
Mono: successfully reloaded assembly
- Completed reload, in  0.555 seconds
Domain Reload Profiling:
	ReloadAssembly (556ms)
		BeginReloadAssembly (57ms)
			ExecutionOrderSort (0ms)
			DisableScriptedObjects (0ms)
			BackupInstance (0ms)
			ReleaseScriptingObjects (0ms)
			CreateAndSetChildDomain (1ms)
		EndReloadAssembly (410ms)
			LoadAssemblies (55ms)
			RebuildTransferFunctionScriptingTraits (0ms)
			SetupTypeCache (94ms)
			ReleaseScriptCaches (0ms)
			RebuildScriptCaches (24ms)
			SetupLoadedEditorAssemblies (249ms)
				LogAssemblyErrors (0ms)
				InitializePlatformSupportModulesInManaged (6ms)
				SetLoadedEditorAssemblies (0ms)
				RefreshPlugins (83ms)
				BeforeProcessingInitializeOnLoad (2ms)
				ProcessInitializeOnLoadAttributes (121ms)
				ProcessInitializeOnLoadMethodAttributes (38ms)
				AfterProcessingInitializeOnLoad (0ms)
				EditorAssembliesLoaded (0ms)
			ExecutionOrderSort2 (0ms)
			AwakeInstancesAfterBackupRestoration (0ms)
Platform modules already initialized, skipping
Registering precompiled user dll's ...
Registered in 0.005419 seconds.
Begin MonoManager ReloadAssembly
Symbol file LoadedFromMemory doesn't match image C:\Users\user\Fright Club Project\Fright_Club\Library\PackageCache\com.unity.visualscripting@1.7.8\Editor\VisualScripting.Core\Dependencies\YamlDotNet\Unity.VisualScripting.YamlDotNet.dll
Symbol file LoadedFromMemory doesn't match image C:\Users\user\Fright Club Project\Fright_Club\Library\PackageCache\com.unity.visualscripting@1.7.8\Editor\VisualScripting.Core\Dependencies\DotNetZip\Unity.VisualScripting.IonicZip.dll
Native extension for WindowsStandalone target not found
Refreshing native plugins compatible for Editor in 96.38 ms, found 4 plugins.
Preloading 0 native plugins for Editor in 0.00 ms.
Mono: successfully reloaded assembly
- Completed reload, in  1.023 seconds
Domain Reload Profiling:
	ReloadAssembly (1024ms)
		BeginReloadAssembly (97ms)
			ExecutionOrderSort (0ms)
			DisableScriptedObjects (5ms)
			BackupInstance (0ms)
			ReleaseScriptingObjects (0ms)
			CreateAndSetChildDomain (17ms)
		EndReloadAssembly (822ms)
			LoadAssemblies (72ms)
			RebuildTransferFunctionScriptingTraits (0ms)
			SetupTypeCache (212ms)
			ReleaseScriptCaches (1ms)
			RebuildScriptCaches (48ms)
			SetupLoadedEditorAssemblies (453ms)
				LogAssemblyErrors (0ms)
				InitializePlatformSupportModulesInManaged (3ms)
				SetLoadedEditorAssemblies (0ms)
				RefreshPlugins (96ms)
				BeforeProcessingInitializeOnLoad (87ms)
				ProcessInitializeOnLoadAttributes (215ms)
				ProcessInitializeOnLoadMethodAttributes (43ms)
				AfterProcessingInitializeOnLoad (8ms)
				EditorAssembliesLoaded (0ms)
			ExecutionOrderSort2 (0ms)
			AwakeInstancesAfterBackupRestoration (5ms)
Platform modules already initialized, skipping
========================================================================
Worker process is ready to serve import requests
Launched and connected shader compiler UnityShaderCompiler.exe after 0.03 seconds
Refreshing native plugins compatible for Editor in 1.06 ms, found 4 plugins.
Preloading 0 native plugins for Editor in 0.00 ms.
Unloading 4068 Unused Serialized files (Serialized files now loaded: 0)
Unloading 44 unused Assets / (229.5 KB). Loaded Objects now: 4518.
Memory consumption went from 151.4 MB to 151.1 MB.
Total: 3.189700 ms (FindLiveObjects: 0.317600 ms CreateObjectMapping: 0.240700 ms MarkObjects: 2.499200 ms  DeleteObjects: 0.131600 ms)

AssetImportParameters requested are different than current active one (requested -> active):
  custom:video-decoder-ogg-theora: a1e56fd34408186e4bbccfd4996cb3dc -> 
  custom:container-muxer-webm: aa71ff27fc2769a1b78a27578f13a17b -> 
  custom:container-demuxer-webm: 4f35f7cbe854078d1ac9338744f61a02 -> 
  custom:video-encoder-webm-vp8: eb34c28f22e8b96e1ab97ce403110664 -> 
  custom:audio-encoder-webm-vorbis: bf7c407c2cedff20999df2af8eb42d56 -> 
  custom:framework-win-MediaFoundation: 216162199b28c13a410421893ffa2e32 -> 
  custom:container-demuxer-ogg: 62fdf1f143b41e24485cea50d1cbac27 -> 
  custom:video-decoder-webm-vp8: 9c59270c3fd7afecdb556c50c9e8de78 -> 
  custom:audio-decoder-ogg-vorbis: bf7c407c2cedff20999df2af8eb42d56 -> 
========================================================================
Received Import Request.
  Time since last request: 278296.035770 seconds.
  path: Assets
  artifactKey: Guid(00000000000000001000000000000000) Importer(815301076,1909f56bfc062723c751e8b465ee728b)
Start importing Assets using Guid(00000000000000001000000000000000) Importer(815301076,1909f56bfc062723c751e8b465ee728b)  -> (artifact id: '79842766b460edbeab6a34051e857a80') in 0.009314 seconds 
========================================================================
Received Import Request.
  Time since last request: 2.575053 seconds.
  path: Assets/New Folder
  artifactKey: Guid(c3d8d6ed1dc4ec149b1533e783de6af9) Importer(815301076,1909f56bfc062723c751e8b465ee728b)
Start importing Assets/New Folder using Guid(c3d8d6ed1dc4ec149b1533e783de6af9) Importer(815301076,1909f56bfc062723c751e8b465ee728b)  -> (artifact id: '2da4d92095a022889f537aaf6e67ce9c') in 0.004210 seconds 
========================================================================
Received Import Request.
  Time since last request: 5.044726 seconds.
  path: Assets/Resources
  artifactKey: Guid(c3d8d6ed1dc4ec149b1533e783de6af9) Importer(815301076,1909f56bfc062723c751e8b465ee728b)
Start importing Assets/Resources using Guid(c3d8d6ed1dc4ec149b1533e783de6af9) Importer(815301076,1909f56bfc062723c751e8b465ee728b)  -> (artifact id: 'a439b937547233e78d568ec3c1c0de95') in 0.005112 seconds 
========================================================================
Received Import Request.
  Time since last request: 1.188526 seconds.
  path: Assets/Scenes
  artifactKey: Guid(131a6b21c8605f84396be9f6751fb6e3) Importer(815301076,1909f56bfc062723c751e8b465ee728b)
Start importing Assets/Scenes using Guid(131a6b21c8605f84396be9f6751fb6e3) Importer(815301076,1909f56bfc062723c751e8b465ee728b)  -> (artifact id: '2c23e514d24f6b65fe96946cd87fc526') in 0.004524 seconds 
========================================================================
Received Import Request.
  Time since last request: 1.319776 seconds.
  path: Assets/Scenes/SampleScene.unity
  artifactKey: Guid(2cda990e2423bbf4892e6590ba056729) Importer(815301076,1909f56bfc062723c751e8b465ee728b)
Start importing Assets/Scenes/SampleScene.unity using Guid(2cda990e2423bbf4892e6590ba056729) Importer(815301076,1909f56bfc062723c751e8b465ee728b)  -> (artifact id: 'e24c38ded777c6eac716cf6ee885caa1') in 0.004553 seconds 
========================================================================
Received Import Request.
  Time since last request: 5.971858 seconds.
  path: Assets/Scenes/MainMenu.unity
  artifactKey: Guid(2cda990e2423bbf4892e6590ba056729) Importer(815301076,1909f56bfc062723c751e8b465ee728b)
Start importing Assets/Scenes/MainMenu.unity using Guid(2cda990e2423bbf4892e6590ba056729) Importer(815301076,1909f56bfc062723c751e8b465ee728b)  -> (artifact id: '39e407cb299d844446326645b6822ec2') in 0.004908 seconds 
========================================================================
Received Import Request.
  Time since last request: 21.971158 seconds.
  path: Assets/Scenes/Sandbox.unity
  artifactKey: Guid(ec1d6b6ad4e76fc4c9d544a3450d29de) Importer(815301076,1909f56bfc062723c751e8b465ee728b)
Start importing Assets/Scenes/Sandbox.unity using Guid(ec1d6b6ad4e76fc4c9d544a3450d29de) Importer(815301076,1909f56bfc062723c751e8b465ee728b)  -> (artifact id: '4feecd9b651875a8df75d80011777b22') in 0.004378 seconds 
========================================================================
Received Import Request.
  Time since last request: 14.526246 seconds.
  path: Assets/Scenes/GameLevel_1.unity
  artifactKey: Guid(8e090306b1d24b143961378595d96d54) Importer(815301076,1909f56bfc062723c751e8b465ee728b)
Start importing Assets/Scenes/GameLevel_1.unity using Guid(8e090306b1d24b143961378595d96d54) Importer(815301076,1909f56bfc062723c751e8b465ee728b)  -> (artifact id: '105a3ac9f3669662ee9f718a635f5ace') in 0.004486 seconds 
========================================================================
Received Import Request.
  Time since last request: 61.874034 seconds.
  path: Assets/Scenes/GameLevel.unity
  artifactKey: Guid(8e090306b1d24b143961378595d96d54) Importer(815301076,1909f56bfc062723c751e8b465ee728b)
Start importing Assets/Scenes/GameLevel.unity using Guid(8e090306b1d24b143961378595d96d54) Importer(815301076,1909f56bfc062723c751e8b465ee728b)  -> (artifact id: 'dbc2951ca0d5f6818590afb3ba722dca') in 0.005135 seconds 
========================================================================
Received Import Request.
  Time since last request: 116.918701 seconds.
  path: Assets/Sprites
  artifactKey: Guid(39c76912fe8e80f4f98f02a855fead7a) Importer(815301076,1909f56bfc062723c751e8b465ee728b)
Start importing Assets/Sprites using Guid(39c76912fe8e80f4f98f02a855fead7a) Importer(815301076,1909f56bfc062723c751e8b465ee728b)  -> (artifact id: '109cd8087ef9fcb0fd15154b91912f0c') in 0.004419 seconds 
========================================================================
Received Import Request.
  Time since last request: 1069.443544 seconds.
  path: Assets/Scripts
  artifactKey: Guid(1d2ba041915c01b429c141b7967f26bd) Importer(815301076,1909f56bfc062723c751e8b465ee728b)
Start importing Assets/Scripts using Guid(1d2ba041915c01b429c141b7967f26bd) Importer(815301076,1909f56bfc062723c751e8b465ee728b)  -> (artifact id: '081929e3e8611345d6890c3393121b19') in 0.004874 seconds 
========================================================================
Received Import Request.
  Time since last request: 83.096090 seconds.
  path: Assets/Fonts
  artifactKey: Guid(ffdbb5595ebfdbe4799ffc6dc12e6c3f) Importer(815301076,1909f56bfc062723c751e8b465ee728b)
Start importing Assets/Fonts using Guid(ffdbb5595ebfdbe4799ffc6dc12e6c3f) Importer(815301076,1909f56bfc062723c751e8b465ee728b)  -> (artifact id: '03f9aec676fa6de5964e6baaeaa6eeb2') in 0.001846 seconds 
========================================================================
Received Import Request.
  Time since last request: 26.524704 seconds.
  path: Assets/Resources/Materials
  artifactKey: Guid(b72dba90066e38945a2b15f3fed2f9e5) Importer(815301076,1909f56bfc062723c751e8b465ee728b)
Start importing Assets/Resources/Materials using Guid(b72dba90066e38945a2b15f3fed2f9e5) Importer(815301076,1909f56bfc062723c751e8b465ee728b)  -> (artifact id: '8f63d639393771eaf567c6bddabaef7b') in 0.004888 seconds 
========================================================================
Received Import Request.
  Time since last request: 17.471491 seconds.
  path: Assets/Plug_Ins
  artifactKey: Guid(6923d481510bd1a49b2774883fd7cce3) Importer(815301076,1909f56bfc062723c751e8b465ee728b)
Start importing Assets/Plug_Ins using Guid(6923d481510bd1a49b2774883fd7cce3) Importer(815301076,1909f56bfc062723c751e8b465ee728b)  -> (artifact id: '267254b5835a6ee2811d7c6570603fa7') in 0.004398 seconds 
========================================================================
Received Import Request.
  Time since last request: 31.794848 seconds.
  path: Assets/Scenes/GameComplete.unity
  artifactKey: Guid(6cf7f82c227f8c943bf48e45c32024e0) Importer(815301076,1909f56bfc062723c751e8b465ee728b)
Start importing Assets/Scenes/GameComplete.unity using Guid(6cf7f82c227f8c943bf48e45c32024e0) Importer(815301076,1909f56bfc062723c751e8b465ee728b)  -> (artifact id: '88cfa2f5d6013e5d91a3825c17dec25f') in 0.001710 seconds 
========================================================================
Received Import Request.
  Time since last request: 7.663951 seconds.
  path: Assets/Scenes/GameOver.unity
  artifactKey: Guid(9176d0e1ca384ab4187de17f9cf6ea86) Importer(815301076,1909f56bfc062723c751e8b465ee728b)
Start importing Assets/Scenes/GameOver.unity using Guid(9176d0e1ca384ab4187de17f9cf6ea86) Importer(815301076,1909f56bfc062723c751e8b465ee728b)  -> (artifact id: 'a7856c2666b9406b3d87f2200ea6d686') in 0.004594 seconds 
